<?xml version="1.0" encoding="UTF-8"?>
<!-- Generated by org.testng.reporters.JUnitReportReporter -->
<testsuite skipped="0" hostname="EyalNeumann" name="main.java.imported.AppiumTestdontGoHomeOnQuit" tests="1" failures="0" timestamp="15 Jun 2017 16:14:46 GMT" time="59.413" errors="0">
  <testcase name="testUntitled" time="59.413" classname="main.java.imported.AppiumTestdontGoHomeOnQuit"/>
</testsuite> <!-- main.java.imported.AppiumTestdontGoHomeOnQuit -->
